e:\game captain america\game_captain_america\game_captain_america\debug\vc141.pdb
e:\game captain america\game_captain_america\game_captain_america\debug\vc141.idb
e:\game captain america\game_captain_america\game_captain_america\debug\simon.obj
e:\game captain america\game_captain_america\game_captain_america\debug\redbat.obj
e:\game captain america\game_captain_america\game_captain_america\debug\panther.obj
e:\game captain america\game_captain_america\game_captain_america\debug\money.obj
e:\game captain america\game_captain_america\game_captain_america\debug\merman.obj
e:\game captain america\game_captain_america\game_captain_america\debug\map.obj
e:\game captain america\game_captain_america\game_captain_america\debug\knife.obj
e:\game captain america\game_captain_america\game_captain_america\debug\item.obj
e:\game captain america\game_captain_america\game_captain_america\debug\ground.obj
e:\game captain america\game_captain_america\game_captain_america\debug\grid.obj
e:\game captain america\game_captain_america\game_captain_america\debug\gameobject.obj
e:\game captain america\game_captain_america\game_captain_america\debug\game.obj
e:\game captain america\game_captain_america\game_captain_america\debug\effect.obj
e:\game captain america\game_captain_america\game_captain_america\debug\define.obj
e:\game captain america\game_captain_america\game_captain_america\debug\debug.obj
e:\game captain america\game_captain_america\game_captain_america\debug\checkstair.obj
e:\game captain america\game_captain_america\game_captain_america\debug\checkpoint.obj
e:\game captain america\game_captain_america\game_captain_america\debug\candle.obj
e:\game captain america\game_captain_america\game_captain_america\debug\bossbat.obj
e:\game captain america\game_captain_america\game_captain_america\debug\bigfire.obj
e:\game captain america\game_captain_america\game_captain_america\debug\zombie.obj
e:\game captain america\game_captain_america\game_captain_america\debug\whip.obj
e:\game captain america\game_captain_america\game_captain_america\debug\ui.obj
e:\game captain america\game_captain_america\game_captain_america\debug\textures.obj
e:\game captain america\game_captain_america\game_captain_america\debug\stair.obj
e:\game captain america\game_captain_america\game_captain_america\debug\sprites.obj
e:\game captain america\game_captain_america\game_captain_america\debug\source.obj
e:\game captain america\game_captain_america\debug\game_captain_america.exe
e:\game captain america\game_captain_america\debug\game_captain_america.ilk
e:\game captain america\game_captain_america\debug\game_captain_america.pdb
e:\game captain america\game_captain_america\game_captain_america\debug\game_cap.62a0bc96.tlog\cl.command.1.tlog
e:\game captain america\game_captain_america\game_captain_america\debug\game_cap.62a0bc96.tlog\cl.read.1.tlog
e:\game captain america\game_captain_america\game_captain_america\debug\game_cap.62a0bc96.tlog\cl.write.1.tlog
e:\game captain america\game_captain_america\game_captain_america\debug\game_cap.62a0bc96.tlog\link.command.1.tlog
e:\game captain america\game_captain_america\game_captain_america\debug\game_cap.62a0bc96.tlog\link.read.1.tlog
e:\game captain america\game_captain_america\game_captain_america\debug\game_cap.62a0bc96.tlog\link.write.1.tlog
